<?xml version="1.0" encoding="UTF-8"?>
<testng-results skipped="0" failed="0" total="4" passed="4">
  <reporter-output>
  </reporter-output>
  <suite name="Default suite" duration-ms="31838" started-at="2013-08-15T19:57:29Z" finished-at="2013-08-15T19:58:01Z">
    <groups>
    </groups>
    <test name="Default test" duration-ms="31838" started-at="2013-08-15T19:57:29Z" finished-at="2013-08-15T19:58:01Z">
      <class name="com.example.tests.GroupCreationTests">
        <test-method status="PASS" signature="setUp()[pri:0, instance:com.example.tests.GroupCreationTests@72c17278]" name="setUp" is-config="true" duration-ms="6805" started-at="2013-08-15T23:57:29Z" finished-at="2013-08-15T23:57:36Z">
          <reporter-output>
          </reporter-output>
        </test-method> <!-- setUp -->
        <test-method status="PASS" signature="testEmptyGroupCreation()[pri:0, instance:com.example.tests.GroupCreationTests@72c17278]" name="testEmptyGroupCreation" duration-ms="6468" started-at="2013-08-15T23:57:36Z" finished-at="2013-08-15T23:57:42Z">
          <reporter-output>
          </reporter-output>
        </test-method> <!-- testEmptyGroupCreation -->
        <test-method status="PASS" signature="testNonEmptyGroupCreation()[pri:0, instance:com.example.tests.GroupCreationTests@72c17278]" name="testNonEmptyGroupCreation" duration-ms="6532" started-at="2013-08-15T23:57:42Z" finished-at="2013-08-15T23:57:49Z">
          <reporter-output>
          </reporter-output>
        </test-method> <!-- testNonEmptyGroupCreation -->
        <test-method status="PASS" signature="tearDown()[pri:0, instance:com.example.tests.GroupCreationTests@72c17278]" name="tearDown" is-config="true" duration-ms="389" started-at="2013-08-15T23:58:00Z" finished-at="2013-08-15T23:58:01Z">
          <reporter-output>
          </reporter-output>
        </test-method> <!-- tearDown -->
      </class> <!-- com.example.tests.GroupCreationTests -->
      <class name="com.example.tests.ContactCreationTest">
        <test-method status="PASS" signature="testEmptyContactCreation()[pri:0, instance:com.example.tests.ContactCreationTest@6cdd9e27]" name="testEmptyContactCreation" duration-ms="5705" started-at="2013-08-15T23:57:49Z" finished-at="2013-08-15T23:57:54Z">
          <reporter-output>
          </reporter-output>
        </test-method> <!-- testEmptyContactCreation -->
        <test-method status="PASS" signature="testNonEmptyContactCreation()[pri:0, instance:com.example.tests.ContactCreationTest@6cdd9e27]" name="testNonEmptyContactCreation" duration-ms="5914" started-at="2013-08-15T23:57:55Z" finished-at="2013-08-15T23:58:00Z">
          <reporter-output>
          </reporter-output>
        </test-method> <!-- testNonEmptyContactCreation -->
      </class> <!-- com.example.tests.ContactCreationTest -->
    </test> <!-- Default test -->
  </suite> <!-- Default suite -->
</testng-results>
