<?xml version="1.0" encoding="UTF-8"?>
<!-- Generated by org.testng.reporters.JUnitXMLReporter -->
<testsuite hostname="Revenge" name="Default test" tests="4" failures="0" timestamp="15 Aug 2013 19:58:01 GMT" time="31.838" errors="0">
  <testcase name="testEmptyGroupCreation" time="6.468" classname="com.example.tests.GroupCreationTests"/>
  <testcase name="testNonEmptyGroupCreation" time="6.532" classname="com.example.tests.GroupCreationTests"/>
  <testcase name="testEmptyContactCreation" time="5.705" classname="com.example.tests.ContactCreationTest"/>
  <testcase name="testNonEmptyContactCreation" time="5.914" classname="com.example.tests.ContactCreationTest"/>
</testsuite> <!-- Default test -->
